[     130ms] [LOG] [Fast Refresh] rebuilding @ http://localhost:3001/_next/static/chunks/node_modules_next_dist_f3530cac._.js:2297
[     158ms] [LOG] [Fast Refresh] done in 127ms @ http://localhost:3001/_next/static/chunks/node_modules_next_dist_f3530cac._.js:2297
[     287ms] [INFO] %cDownload the React DevTools for a better development experience: https://react.dev/link/react-devtools font-weight:bold @ http://localhost:3001/_next/static/chunks/node_modules_next_dist_f3530cac._.js:2297
[     317ms] [LOG] [HMR] connected @ http://localhost:3001/_next/static/chunks/node_modules_next_dist_f3530cac._.js:2297
[  100895ms] [LOG] [Fast Refresh] rebuilding @ http://localhost:3001/_next/static/chunks/node_modules_next_dist_f3530cac._.js:2297
[  100898ms] [LOG] [Fast Refresh] done in 104ms @ http://localhost:3001/_next/static/chunks/node_modules_next_dist_f3530cac._.js:2297
[  101394ms] [LOG] [Fast Refresh] rebuilding @ http://localhost:3001/_next/static/chunks/node_modules_next_dist_f3530cac._.js:2297
[  101430ms] [LOG] [Fast Refresh] done in 136ms @ http://localhost:3001/_next/static/chunks/node_modules_next_dist_f3530cac._.js:2297
[  609663ms] [LOG] [Fast Refresh] rebuilding @ http://localhost:3001/_next/static/chunks/node_modules_next_dist_f3530cac._.js:2297
[  609687ms] [LOG] [Fast Refresh] done in 89ms @ http://localhost:3001/_next/static/chunks/node_modules_next_dist_f3530cac._.js:2297
[  632015ms] [LOG] [Fast Refresh] rebuilding @ http://localhost:3001/_next/static/chunks/node_modules_next_dist_f3530cac._.js:2297
[  632131ms] [LOG] [Fast Refresh] done in 216ms @ http://localhost:3001/_next/static/chunks/node_modules_next_dist_f3530cac._.js:2297
[  632364ms] [LOG] [Fast Refresh] rebuilding @ http://localhost:3001/_next/static/chunks/node_modules_next_dist_f3530cac._.js:2297
[  632386ms] [LOG] [Fast Refresh] done in 123ms @ http://localhost:3001/_next/static/chunks/node_modules_next_dist_f3530cac._.js:2297
[  632866ms] [LOG] [Fast Refresh] rebuilding @ http://localhost:3001/_next/static/chunks/node_modules_next_dist_f3530cac._.js:2297
[  632930ms] [LOG] [Fast Refresh] done in 164ms @ http://localhost:3001/_next/static/chunks/node_modules_next_dist_f3530cac._.js:2297
[  640570ms] [LOG] [Fast Refresh] rebuilding @ http://localhost:3001/_next/static/chunks/node_modules_next_dist_f3530cac._.js:2297
[  640600ms] [LOG] [Fast Refresh] done in 131ms @ http://localhost:3001/_next/static/chunks/node_modules_next_dist_f3530cac._.js:2297
[  641222ms] [LOG] [Fast Refresh] rebuilding @ http://localhost:3001/_next/static/chunks/node_modules_next_dist_f3530cac._.js:2297
[  641377ms] [LOG] [Fast Refresh] done in 255ms @ http://localhost:3001/_next/static/chunks/node_modules_next_dist_f3530cac._.js:2297
[  641478ms] [LOG] [Fast Refresh] rebuilding @ http://localhost:3001/_next/static/chunks/node_modules_next_dist_f3530cac._.js:2297
[  641541ms] [LOG] [Fast Refresh] done in 162ms @ http://localhost:3001/_next/static/chunks/node_modules_next_dist_f3530cac._.js:2297
[  642849ms] [LOG] [Fast Refresh] rebuilding @ http://localhost:3001/_next/static/chunks/node_modules_next_dist_f3530cac._.js:2297
[  642955ms] [LOG] [Fast Refresh] done in 206ms @ http://localhost:3001/_next/static/chunks/node_modules_next_dist_f3530cac._.js:2297
[  840750ms] [LOG] [Fast Refresh] rebuilding @ http://localhost:3001/_next/static/chunks/node_modules_next_dist_f3530cac._.js:2297
[  840785ms] [LOG] [Fast Refresh] done in 135ms @ http://localhost:3001/_next/static/chunks/node_modules_next_dist_f3530cac._.js:2297
[  841060ms] [LOG] [Fast Refresh] rebuilding @ http://localhost:3001/_next/static/chunks/node_modules_next_dist_f3530cac._.js:2297
[  841079ms] [LOG] [Fast Refresh] done in 119ms @ http://localhost:3001/_next/static/chunks/node_modules_next_dist_f3530cac._.js:2297
[  841630ms] [LOG] [Fast Refresh] rebuilding @ http://localhost:3001/_next/static/chunks/node_modules_next_dist_f3530cac._.js:2297
[  841655ms] [LOG] [Fast Refresh] done in 125ms @ http://localhost:3001/_next/static/chunks/node_modules_next_dist_f3530cac._.js:2297
[  858415ms] [LOG] [Fast Refresh] rebuilding @ http://localhost:3001/_next/static/chunks/node_modules_next_dist_f3530cac._.js:2297
[  858601ms] [LOG] [Fast Refresh] done in 286ms @ http://localhost:3001/_next/static/chunks/node_modules_next_dist_f3530cac._.js:2297
[ 1122196ms] [LOG] [Fast Refresh] rebuilding @ http://localhost:3001/_next/static/chunks/node_modules_next_dist_f3530cac._.js:2297
[ 1122227ms] [LOG] [Fast Refresh] done in 131ms @ http://localhost:3001/_next/static/chunks/node_modules_next_dist_f3530cac._.js:2297
[ 1172886ms] [ERROR] WebSocket connection to 'ws://localhost:3001/_next/webpack-hmr?id=5cIjwniS6vx8L4zVuwD4L' failed: Error in connection establishment: net::ERR_CONNECTION_REFUSED @ http://localhost:3001/_next/static/chunks/node_modules_next_dist_client_17643121._.js:10878
[ 1173890ms] [ERROR] WebSocket connection to 'ws://localhost:3001/_next/webpack-hmr?id=5cIjwniS6vx8L4zVuwD4L' failed: Error in connection establishment: net::ERR_CONNECTION_REFUSED @ http://localhost:3001/_next/static/chunks/node_modules_next_dist_client_17643121._.js:10878
[ 1174894ms] [ERROR] WebSocket connection to 'ws://localhost:3001/_next/webpack-hmr?id=5cIjwniS6vx8L4zVuwD4L' failed: Error in connection establishment: net::ERR_CONNECTION_REFUSED @ http://localhost:3001/_next/static/chunks/node_modules_next_dist_client_17643121._.js:10878
[ 1175897ms] [ERROR] WebSocket connection to 'ws://localhost:3001/_next/webpack-hmr?id=5cIjwniS6vx8L4zVuwD4L' failed: Error in connection establishment: net::ERR_CONNECTION_REFUSED @ http://localhost:3001/_next/static/chunks/node_modules_next_dist_client_17643121._.js:10878
[ 1176901ms] [ERROR] WebSocket connection to 'ws://localhost:3001/_next/webpack-hmr?id=5cIjwniS6vx8L4zVuwD4L' failed: Error in connection establishment: net::ERR_CONNECTION_REFUSED @ http://localhost:3001/_next/static/chunks/node_modules_next_dist_client_17643121._.js:10878
[ 1181905ms] [ERROR] WebSocket connection to 'ws://localhost:3001/_next/webpack-hmr?id=5cIjwniS6vx8L4zVuwD4L' failed: Error in connection establishment: net::ERR_CONNECTION_REFUSED @ http://localhost:3001/_next/static/chunks/node_modules_next_dist_client_17643121._.js:10878
[ 1186917ms] [ERROR] WebSocket connection to 'ws://localhost:3001/_next/webpack-hmr?id=5cIjwniS6vx8L4zVuwD4L' failed: Error in connection establishment: net::ERR_CONNECTION_REFUSED @ http://localhost:3001/_next/static/chunks/node_modules_next_dist_client_17643121._.js:10878
[ 1191936ms] [ERROR] WebSocket connection to 'ws://localhost:3001/_next/webpack-hmr?id=5cIjwniS6vx8L4zVuwD4L' failed: Error in connection establishment: net::ERR_CONNECTION_REFUSED @ http://localhost:3001/_next/static/chunks/node_modules_next_dist_client_17643121._.js:10878
[ 1196976ms] [ERROR] WebSocket connection to 'ws://localhost:3001/_next/webpack-hmr?id=5cIjwniS6vx8L4zVuwD4L' failed: Error in connection establishment: net::ERR_CONNECTION_REFUSED @ http://localhost:3001/_next/static/chunks/node_modules_next_dist_client_17643121._.js:10878
[ 1200344ms] [ERROR] Failed to load resource: net::ERR_CONNECTION_REFUSED @ http://localhost:3001/api/notifications?unread=1:0
[ 1202027ms] [ERROR] WebSocket connection to 'ws://localhost:3001/_next/webpack-hmr?id=5cIjwniS6vx8L4zVuwD4L' failed: Error in connection establishment: net::ERR_CONNECTION_REFUSED @ http://localhost:3001/_next/static/chunks/node_modules_next_dist_client_17643121._.js:10878
[ 1207166ms] [ERROR] WebSocket connection to 'ws://localhost:3001/_next/webpack-hmr?id=5cIjwniS6vx8L4zVuwD4L' failed: Error in connection establishment: net::ERR_CONNECTION_REFUSED @ http://localhost:3001/_next/static/chunks/node_modules_next_dist_client_17643121._.js:10878
[ 1212473ms] [ERROR] WebSocket connection to 'ws://localhost:3001/_next/webpack-hmr?id=5cIjwniS6vx8L4zVuwD4L' failed: Error in connection establishment: net::ERR_CONNECTION_REFUSED @ http://localhost:3001/_next/static/chunks/node_modules_next_dist_client_17643121._.js:10878
[ 1249118ms] [INFO] %cDownload the React DevTools for a better development experience: https://react.dev/link/react-devtools font-weight:bold @ http://localhost:3001/_next/static/chunks/node_modules_next_dist_f3530cac._.js:2297
[ 1249198ms] [LOG] [HMR] connected @ http://localhost:3001/_next/static/chunks/node_modules_next_dist_f3530cac._.js:2297
[ 1249388ms] [LOG] [Fast Refresh] rebuilding @ http://localhost:3001/_next/static/chunks/node_modules_next_dist_f3530cac._.js:2297
[ 1249443ms] [LOG] [Fast Refresh] done in 155ms @ http://localhost:3001/_next/static/chunks/node_modules_next_dist_f3530cac._.js:2297
[ 1249911ms] [ERROR] Failed to load resource: the server responded with a status of 404 (Not Found) @ http://localhost:3001/api/articles/01KP6JZMFPGH5E7HV7STE9HRCY/changelog:0
[ 1249996ms] [ERROR] Failed to load resource: the server responded with a status of 404 (Not Found) @ http://localhost:3001/api/articles/01KP6JZMFPGH5E7HV7STE9HRCY:0
[ 1250079ms] [ERROR] Failed to load resource: the server responded with a status of 404 (Not Found) @ http://localhost:3001/api/articles/01KP6JZMFPGH5E7HV7STE9HRCY/comments?limit=100:0
[ 1255290ms] [LOG] [Fast Refresh] rebuilding @ http://localhost:3001/_next/static/chunks/node_modules_next_dist_f3530cac._.js:2297
[ 1255302ms] [LOG] [Fast Refresh] done in 113ms @ http://localhost:3001/_next/static/chunks/node_modules_next_dist_f3530cac._.js:2297
[ 1256535ms] [LOG] [Fast Refresh] rebuilding @ http://localhost:3001/_next/static/chunks/node_modules_next_dist_f3530cac._.js:2297
[ 1256544ms] [LOG] [Fast Refresh] done in 110ms @ http://localhost:3001/_next/static/chunks/node_modules_next_dist_f3530cac._.js:2297
[ 1256678ms] [LOG] [Fast Refresh] rebuilding @ http://localhost:3001/_next/static/chunks/node_modules_next_dist_f3530cac._.js:2297
[ 1256763ms] [LOG] [Fast Refresh] done in 186ms @ http://localhost:3001/_next/static/chunks/node_modules_next_dist_f3530cac._.js:2297
[ 1265387ms] [LOG] [Fast Refresh] rebuilding @ http://localhost:3001/_next/static/chunks/node_modules_next_dist_f3530cac._.js:2297
[ 1265395ms] [LOG] [Fast Refresh] done in 108ms @ http://localhost:3001/_next/static/chunks/node_modules_next_dist_f3530cac._.js:2297
[ 1266513ms] [LOG] [Fast Refresh] rebuilding @ http://localhost:3001/_next/static/chunks/node_modules_next_dist_f3530cac._.js:2297
[ 1266552ms] [LOG] [Fast Refresh] done in 140ms @ http://localhost:3001/_next/static/chunks/node_modules_next_dist_f3530cac._.js:2297
[ 1270011ms] [LOG] [Fast Refresh] rebuilding @ http://localhost:3001/_next/static/chunks/node_modules_next_dist_f3530cac._.js:2297
[ 1270040ms] [LOG] [Fast Refresh] done in 129ms @ http://localhost:3001/_next/static/chunks/node_modules_next_dist_f3530cac._.js:2297
[ 1276404ms] [LOG] [Fast Refresh] rebuilding @ http://localhost:3001/_next/static/chunks/node_modules_next_dist_f3530cac._.js:2297
[ 1276527ms] [LOG] [Fast Refresh] done in 223ms @ http://localhost:3001/_next/static/chunks/node_modules_next_dist_f3530cac._.js:2297
[ 1279834ms] [LOG] [Fast Refresh] rebuilding @ http://localhost:3001/_next/static/chunks/node_modules_next_dist_f3530cac._.js:2297
[ 1280065ms] [LOG] [Fast Refresh] done in 331ms @ http://localhost:3001/_next/static/chunks/node_modules_next_dist_f3530cac._.js:2297
[ 1296956ms] [LOG] [Fast Refresh] rebuilding @ http://localhost:3001/_next/static/chunks/node_modules_next_dist_f3530cac._.js:2297
[ 1297026ms] [LOG] [Fast Refresh] done in 170ms @ http://localhost:3001/_next/static/chunks/node_modules_next_dist_f3530cac._.js:2297
[ 1297472ms] [LOG] [Fast Refresh] rebuilding @ http://localhost:3001/_next/static/chunks/node_modules_next_dist_f3530cac._.js:2297
[ 1297480ms] [LOG] [Fast Refresh] done in 109ms @ http://localhost:3001/_next/static/chunks/node_modules_next_dist_f3530cac._.js:2297
[ 1297794ms] [LOG] [Fast Refresh] rebuilding @ http://localhost:3001/_next/static/chunks/node_modules_next_dist_f3530cac._.js:2297
[ 1297836ms] [LOG] [Fast Refresh] done in 142ms @ http://localhost:3001/_next/static/chunks/node_modules_next_dist_f3530cac._.js:2297
[ 1299065ms] [LOG] [Fast Refresh] rebuilding @ http://localhost:3001/_next/static/chunks/node_modules_next_dist_f3530cac._.js:2297
[ 1299069ms] [LOG] [Fast Refresh] done in 104ms @ http://localhost:3001/_next/static/chunks/node_modules_next_dist_f3530cac._.js:2297
[ 1299378ms] [LOG] [Fast Refresh] rebuilding @ http://localhost:3001/_next/static/chunks/node_modules_next_dist_f3530cac._.js:2297
[ 1299419ms] [LOG] [Fast Refresh] done in 141ms @ http://localhost:3001/_next/static/chunks/node_modules_next_dist_f3530cac._.js:2297
[ 1301384ms] [LOG] [Fast Refresh] rebuilding @ http://localhost:3001/_next/static/chunks/node_modules_next_dist_f3530cac._.js:2297
[ 1301430ms] [LOG] [Fast Refresh] done in 146ms @ http://localhost:3001/_next/static/chunks/node_modules_next_dist_f3530cac._.js:2297
[ 1307428ms] [LOG] [Fast Refresh] rebuilding @ http://localhost:3001/_next/static/chunks/node_modules_next_dist_f3530cac._.js:2297
[ 1307469ms] [LOG] [Fast Refresh] done in 141ms @ http://localhost:3001/_next/static/chunks/node_modules_next_dist_f3530cac._.js:2297
[ 1309046ms] [LOG] [Fast Refresh] rebuilding @ http://localhost:3001/_next/static/chunks/node_modules_next_dist_f3530cac._.js:2297
[ 1309177ms] [LOG] [Fast Refresh] done in 231ms @ http://localhost:3001/_next/static/chunks/node_modules_next_dist_f3530cac._.js:2297
[ 1309702ms] [LOG] [Fast Refresh] rebuilding @ http://localhost:3001/_next/static/chunks/node_modules_next_dist_f3530cac._.js:2297
[ 1309716ms] [LOG] [Fast Refresh] done in 115ms @ http://localhost:3001/_next/static/chunks/node_modules_next_dist_f3530cac._.js:2297
[ 1310862ms] [LOG] [Fast Refresh] rebuilding @ http://localhost:3001/_next/static/chunks/node_modules_next_dist_f3530cac._.js:2297
[ 1311078ms] [LOG] [Fast Refresh] done in 316ms @ http://localhost:3001/_next/static/chunks/node_modules_next_dist_f3530cac._.js:2297
[ 1311490ms] [LOG] [Fast Refresh] rebuilding @ http://localhost:3001/_next/static/chunks/node_modules_next_dist_f3530cac._.js:2297
[ 1311541ms] [LOG] [Fast Refresh] done in 151ms @ http://localhost:3001/_next/static/chunks/node_modules_next_dist_f3530cac._.js:2297
[ 1312786ms] [LOG] [Fast Refresh] rebuilding @ http://localhost:3001/_next/static/chunks/node_modules_next_dist_f3530cac._.js:2297
[ 1312918ms] [LOG] [Fast Refresh] done in 232ms @ http://localhost:3001/_next/static/chunks/node_modules_next_dist_f3530cac._.js:2297
[ 1313034ms] [LOG] [Fast Refresh] rebuilding @ http://localhost:3001/_next/static/chunks/node_modules_next_dist_f3530cac._.js:2297
[ 1313088ms] [LOG] [Fast Refresh] done in 154ms @ http://localhost:3001/_next/static/chunks/node_modules_next_dist_f3530cac._.js:2297
[ 1315055ms] [LOG] [Fast Refresh] rebuilding @ http://localhost:3001/_next/static/chunks/node_modules_next_dist_f3530cac._.js:2297
[ 1315195ms] [LOG] [Fast Refresh] done in 240ms @ http://localhost:3001/_next/static/chunks/node_modules_next_dist_f3530cac._.js:2297
[ 1315816ms] [LOG] [Fast Refresh] rebuilding @ http://localhost:3001/_next/static/chunks/node_modules_next_dist_f3530cac._.js:2297
[ 1315956ms] [LOG] [Fast Refresh] done in 240ms @ http://localhost:3001/_next/static/chunks/node_modules_next_dist_f3530cac._.js:2297
[ 1318235ms] [ERROR] WebSocket connection to 'ws://localhost:3001/_next/webpack-hmr?id=7IF4MBVbRu31OpfBV_nEB' failed: Error in connection establishment: net::ERR_CONNECTION_REFUSED @ http://localhost:3001/_next/static/chunks/node_modules_next_dist_client_17643121._.js:10878
[ 1319238ms] [ERROR] WebSocket connection to 'ws://localhost:3001/_next/webpack-hmr?id=7IF4MBVbRu31OpfBV_nEB' failed: Error in connection establishment: net::ERR_CONNECTION_REFUSED @ http://localhost:3001/_next/static/chunks/node_modules_next_dist_client_17643121._.js:10878
[ 1320241ms] [ERROR] WebSocket connection to 'ws://localhost:3001/_next/webpack-hmr?id=7IF4MBVbRu31OpfBV_nEB' failed: Error in connection establishment: net::ERR_CONNECTION_REFUSED @ http://localhost:3001/_next/static/chunks/node_modules_next_dist_client_17643121._.js:10878
[ 1321244ms] [ERROR] WebSocket connection to 'ws://localhost:3001/_next/webpack-hmr?id=7IF4MBVbRu31OpfBV_nEB' failed: Error in connection establishment: net::ERR_CONNECTION_REFUSED @ http://localhost:3001/_next/static/chunks/node_modules_next_dist_client_17643121._.js:10878
[ 1322248ms] [ERROR] WebSocket connection to 'ws://localhost:3001/_next/webpack-hmr?id=7IF4MBVbRu31OpfBV_nEB' failed: Error in connection establishment: net::ERR_CONNECTION_REFUSED @ http://localhost:3001/_next/static/chunks/node_modules_next_dist_client_17643121._.js:10878
[ 1327251ms] [ERROR] WebSocket connection to 'ws://localhost:3001/_next/webpack-hmr?id=7IF4MBVbRu31OpfBV_nEB' failed: Error in connection establishment: net::ERR_CONNECTION_REFUSED @ http://localhost:3001/_next/static/chunks/node_modules_next_dist_client_17643121._.js:10878
[ 1332256ms] [ERROR] WebSocket connection to 'ws://localhost:3001/_next/webpack-hmr?id=7IF4MBVbRu31OpfBV_nEB' failed: Error in connection establishment: net::ERR_CONNECTION_REFUSED @ http://localhost:3001/_next/static/chunks/node_modules_next_dist_client_17643121._.js:10878
[ 1337259ms] [ERROR] WebSocket connection to 'ws://localhost:3001/_next/webpack-hmr?id=7IF4MBVbRu31OpfBV_nEB' failed: Error in connection establishment: net::ERR_CONNECTION_REFUSED @ http://localhost:3001/_next/static/chunks/node_modules_next_dist_client_17643121._.js:10878
[ 1339238ms] [ERROR] Failed to load resource: net::ERR_CONNECTION_REFUSED @ http://localhost:3001/api/notifications?unread=1:0
[ 1342263ms] [ERROR] WebSocket connection to 'ws://localhost:3001/_next/webpack-hmr?id=7IF4MBVbRu31OpfBV_nEB' failed: Error in connection establishment: net::ERR_CONNECTION_REFUSED @ http://localhost:3001/_next/static/chunks/node_modules_next_dist_client_17643121._.js:10878
[ 1347266ms] [ERROR] WebSocket connection to 'ws://localhost:3001/_next/webpack-hmr?id=7IF4MBVbRu31OpfBV_nEB' failed: Error in connection establishment: net::ERR_CONNECTION_REFUSED @ http://localhost:3001/_next/static/chunks/node_modules_next_dist_client_17643121._.js:10878
[ 1352273ms] [ERROR] WebSocket connection to 'ws://localhost:3001/_next/webpack-hmr?id=7IF4MBVbRu31OpfBV_nEB' failed: Error in connection establishment: net::ERR_CONNECTION_REFUSED @ http://localhost:3001/_next/static/chunks/node_modules_next_dist_client_17643121._.js:10878
[ 1357280ms] [ERROR] WebSocket connection to 'ws://localhost:3001/_next/webpack-hmr?id=7IF4MBVbRu31OpfBV_nEB' failed: Error in connection establishment: net::ERR_CONNECTION_REFUSED @ http://localhost:3001/_next/static/chunks/node_modules_next_dist_client_17643121._.js:10878
