[      90ms] [INFO] %cDownload the React DevTools for a better development experience: https://react.dev/link/react-devtools font-weight:bold @ http://localhost:3001/_next/static/chunks/node_modules_next_dist_f3530cac._.js:2297
[     109ms] [LOG] [HMR] connected @ http://localhost:3001/_next/static/chunks/node_modules_next_dist_f3530cac._.js:2297
[     118ms] [ERROR] A tree hydrated but some attributes of the server rendered HTML didn't match the client properties. This won't be patched up. This can happen if a SSR-ed Client Component used:

- A server/client branch `if (typeof window !== 'undefined')`.
- Variable input such as `Date.now()` or `Math.random()` which changes each time it's called.
- Date formatting in a user's locale which doesn't match the server.
- External changing data without sending a snapshot of it along with the HTML.
- Invalid HTML tag nesting.

It can also happen if the client has a browser extension installed which messes with the HTML before React loaded.

%s%s https://react.dev/link/hydration-mismatch 

  ...
    <__next_root_layout_boundary__>
      <SegmentViewNode type="layout" pagePath="layout.tsx">
        <SegmentTrieNode>
        <link>
        <script>
        <script>
        <RootLayout>
          <html lang="ru" suppressHydrationWarning={true}>
            <head>
            <body className="antialiase...">
              <ThemeProvider>
                <J attribute="class" defaultTheme="system" enableSystem={true}>
                  <V attribute="class" defaultTheme="system" enableSystem={true}>
                    <script>
                    <Nav>
                      <nav className="border-b b...">
                        <div className="max-w-4xl ...">
                          <LinkComponent>
                          <div className="hidden sm:...">
                            <LinkComponent>
                            <LinkComponent>
                            <ThemeToggle>
                              <button
                                className="w-9 h-9"
+                               aria-label="Переключение темы"
-                               aria-label="Toggle theme"
                              >
                          <div className="flex sm:hi...">
                            <ThemeToggle>
                              <button
                                className="w-9 h-9"
+                               aria-label="Переключение темы"
-                               aria-label="Toggle theme"
                              >
                            ...
                    ...
 @ http://localhost:3001/_next/static/chunks/node_modules_next_dist_f3530cac._.js:3127
