[     108ms] [LOG] [Fast Refresh] rebuilding @ http://localhost:3001/_next/static/chunks/node_modules_next_dist_f3530cac._.js:2297
[     737ms] [LOG] [Fast Refresh] done in 729ms @ http://localhost:3001/_next/static/chunks/node_modules_next_dist_f3530cac._.js:2297
[     807ms] [INFO] %cDownload the React DevTools for a better development experience: https://react.dev/link/react-devtools font-weight:bold @ http://localhost:3001/_next/static/chunks/node_modules_next_dist_f3530cac._.js:2297
[     834ms] [LOG] [HMR] connected @ http://localhost:3001/_next/static/chunks/node_modules_next_dist_f3530cac._.js:2297
[   12129ms] [LOG] [Fast Refresh] rebuilding @ http://localhost:3001/_next/static/chunks/node_modules_next_dist_f3530cac._.js:2297
[   12170ms] [LOG] [Fast Refresh] done in 141ms @ http://localhost:3001/_next/static/chunks/node_modules_next_dist_f3530cac._.js:2297
[   12358ms] [ERROR] Failed to load resource: the server responded with a status of 404 (Not Found) @ http://localhost:3001/uploads/test.mp4:0
[   12358ms] [ERROR] Failed to load resource: the server responded with a status of 404 (Not Found) @ http://localhost:3001/uploads/test.jpg:0
[   95172ms] [LOG] [Fast Refresh] rebuilding @ http://localhost:3001/_next/static/chunks/node_modules_next_dist_f3530cac._.js:2297
[   95185ms] [LOG] [Fast Refresh] done in 112ms @ http://localhost:3001/_next/static/chunks/node_modules_next_dist_f3530cac._.js:2297
[   97420ms] [LOG] [Fast Refresh] rebuilding @ http://localhost:3001/_next/static/chunks/node_modules_next_dist_f3530cac._.js:2297
[   97495ms] [LOG] [Fast Refresh] done in 176ms @ http://localhost:3001/_next/static/chunks/node_modules_next_dist_f3530cac._.js:2297
[  117983ms] [VERBOSE] [DOM] Password forms should have (optionally hidden) username fields for accessibility: (More info: https://goo.gl/9p2vKq) %o @ http://localhost:3001/admin/login:0
[  121917ms] [INFO] %cDownload the React DevTools for a better development experience: https://react.dev/link/react-devtools font-weight:bold @ http://localhost:3001/_next/static/chunks/node_modules_next_dist_f3530cac._.js:2297
[  121935ms] [LOG] [HMR] connected @ http://localhost:3001/_next/static/chunks/node_modules_next_dist_f3530cac._.js:2297
[  128568ms] [ERROR] Failed to load resource: the server responded with a status of 401 (Unauthorized) @ http://localhost:3001/api/auth/user:0
[  135433ms] [VERBOSE] [DOM] Password forms should have (optionally hidden) username fields for accessibility: (More info: https://goo.gl/9p2vKq) %o @ http://localhost:3001/admin/login:0
[  135460ms] [INFO] %cDownload the React DevTools for a better development experience: https://react.dev/link/react-devtools font-weight:bold @ http://localhost:3001/_next/static/chunks/node_modules_next_dist_f3530cac._.js:2297
[  135497ms] [LOG] [HMR] connected @ http://localhost:3001/_next/static/chunks/node_modules_next_dist_f3530cac._.js:2297
[  144694ms] [LOG] [Fast Refresh] rebuilding @ http://localhost:3001/_next/static/chunks/node_modules_next_dist_f3530cac._.js:2297
[  144708ms] [LOG] [Fast Refresh] done in 114ms @ http://localhost:3001/_next/static/chunks/node_modules_next_dist_f3530cac._.js:2297
[  145680ms] [VERBOSE] [DOM] Password field is not contained in a form: (More info: https://goo.gl/9p2vKq) %o @ http://localhost:3001/admin/users/01TEST0000AUTHORUSER0001:0
[  145709ms] [LOG] [Fast Refresh] rebuilding @ http://localhost:3001/_next/static/chunks/node_modules_next_dist_f3530cac._.js:2297
[  145832ms] [LOG] [Fast Refresh] done in 223ms @ http://localhost:3001/_next/static/chunks/node_modules_next_dist_f3530cac._.js:2297
[  176410ms] [LOG] [Fast Refresh] rebuilding @ http://localhost:3001/_next/static/chunks/node_modules_next_dist_f3530cac._.js:2297
[  176432ms] [LOG] [Fast Refresh] done in 121ms @ http://localhost:3001/_next/static/chunks/node_modules_next_dist_f3530cac._.js:2297
[  177352ms] [LOG] [Fast Refresh] rebuilding @ http://localhost:3001/_next/static/chunks/node_modules_next_dist_f3530cac._.js:2297
[  177444ms] [LOG] [Fast Refresh] done in 193ms @ http://localhost:3001/_next/static/chunks/node_modules_next_dist_f3530cac._.js:2297
[  188495ms] [LOG] [Fast Refresh] rebuilding @ http://localhost:3001/_next/static/chunks/node_modules_next_dist_f3530cac._.js:2297
[  188530ms] [LOG] [Fast Refresh] done in 134ms @ http://localhost:3001/_next/static/chunks/node_modules_next_dist_f3530cac._.js:2297
